<?xml version="1.0" encoding="UTF-8"?>
<!-- Generated by org.testng.reporters.JUnitXMLReporter -->
<testsuite hostname="ip-172-31-94-108" ignored="0" name="Test" tests="3" failures="1" timestamp="12 Nov 2021 06:04:22 GMT" time="13.136" errors="0">
  <testcase name="ExcelTest" time="3.372" classname="tests.LoginTest"/>
  <testcase name="NegativeLogin" time="2.136" classname="tests.LoginTest">
    <failure type="java.lang.AssertionError" message="expected [true] but found [false]">
      <![CDATA[java.lang.AssertionError: expected [true] but found [false]
at tests.LoginTest.NegativeLogin(LoginTest.java:35)
... Removed 29 stack frames]]>
    </failure>
  </testcase> <!-- NegativeLogin -->
  <testcase name="PositiveLogin" time="1.703" classname="tests.LoginTest"/>
</testsuite> <!-- Test -->
