<?xml version="1.0" encoding="UTF-8"?>
<!-- Generated by org.testng.reporters.JUnitXMLReporter -->
<testsuite hostname="ip-172-31-94-108" ignored="2" name="Test" tests="1" failures="0" timestamp="09 Nov 2021 07:06:40 GMT" time="4.683" errors="0">
  <testcase name="ExcelTest" time="2.383" classname="tests.LoginTest"/>
  <testcase name="NegativeLogin" time="0.0" classname="tests.LoginTest">
    <ignored/>
  </testcase> <!-- NegativeLogin -->
  <testcase name="PositiveLogin" time="0.0" classname="tests.LoginTest">
    <ignored/>
  </testcase> <!-- PositiveLogin -->
</testsuite> <!-- Test -->
